2026-07-20 12:23:27,002 [INFO] main: Initializing database tables...
2026-07-20 12:23:27,050 [INFO] main: No administrator found. Seeding default admin user...
2026-07-20 12:23:27,050 [WARNING] passlib.handlers.bcrypt: (trapped) error reading bcrypt version
Traceback (most recent call last):
  File "C:\Users\cc.gerencia02\Documents\glpi-api\venv\Lib\site-packages\passlib\handlers\bcrypt.py", line 620, in _load_backend_mixin
    version = _bcrypt.__about__.__version__
              ^^^^^^^^^^^^^^^^^
AttributeError: module 'bcrypt' has no attribute '__about__'
2026-07-20 12:23:27,057 [ERROR] main: Error seeding database: password cannot be longer than 72 bytes, truncate manually if necessary (e.g. my_password[:72])
2026-07-20 12:23:27,117 [INFO] glpi_client: Initializing new GLPI API session...
2026-07-20 12:23:27,671 [INFO] httpx: HTTP Request: GET https://suporte.salux.com.br/api.php/v1/initSession "HTTP/1.1 200 OK"
2026-07-20 12:23:27,673 [INFO] glpi_client: GLPI session successfully initialized.
2026-07-20 12:23:55,527 [INFO] main: Shutting down application...
2026-07-20 12:23:55,527 [INFO] glpi_client: Killing current GLPI API session...
2026-07-20 12:23:55,816 [INFO] httpx: HTTP Request: GET https://suporte.salux.com.br/api.php/v1/killSession "HTTP/1.1 200 OK"
2026-07-20 12:24:08,649 [INFO] main: Initializing database tables...
2026-07-20 12:24:08,655 [INFO] main: No administrator found. Seeding default admin user...
2026-07-20 12:24:08,656 [WARNING] passlib.handlers.bcrypt: (trapped) error reading bcrypt version
Traceback (most recent call last):
  File "C:\Users\cc.gerencia02\Documents\glpi-api\venv\Lib\site-packages\passlib\handlers\bcrypt.py", line 620, in _load_backend_mixin
    version = _bcrypt.__about__.__version__
              ^^^^^^^^^^^^^^^^^
AttributeError: module 'bcrypt' has no attribute '__about__'
2026-07-20 12:24:08,662 [ERROR] main: Error seeding database: password cannot be longer than 72 bytes, truncate manually if necessary (e.g. my_password[:72])
2026-07-20 12:24:08,702 [INFO] glpi_client: Initializing new GLPI API session...
2026-07-20 12:24:09,204 [INFO] httpx: HTTP Request: GET https://suporte.salux.com.br/api.php/v1/initSession "HTTP/1.1 200 OK"
2026-07-20 12:24:09,205 [INFO] glpi_client: GLPI session successfully initialized.
2026-07-20 12:25:07,685 [INFO] main: Shutting down application...
2026-07-20 12:25:07,685 [INFO] glpi_client: Killing current GLPI API session...
2026-07-20 12:25:07,951 [INFO] httpx: HTTP Request: GET https://suporte.salux.com.br/api.php/v1/killSession "HTTP/1.1 200 OK"
2026-07-20 12:25:08,981 [INFO] main: Initializing database tables...
2026-07-20 12:25:08,990 [INFO] main: No administrator found. Seeding default admin user...
2026-07-20 12:25:08,990 [WARNING] passlib.handlers.bcrypt: (trapped) error reading bcrypt version
Traceback (most recent call last):
  File "C:\Users\cc.gerencia02\Documents\glpi-api\venv\Lib\site-packages\passlib\handlers\bcrypt.py", line 620, in _load_backend_mixin
    version = _bcrypt.__about__.__version__
              ^^^^^^^^^^^^^^^^^
AttributeError: module 'bcrypt' has no attribute '__about__'
2026-07-20 12:25:08,997 [ERROR] main: Error seeding database: password cannot be longer than 72 bytes, truncate manually if necessary (e.g. my_password[:72])
2026-07-20 12:25:09,033 [INFO] glpi_client: Initializing new GLPI API session...
2026-07-20 12:25:09,481 [INFO] httpx: HTTP Request: GET https://suporte.salux.com.br/api.php/v1/initSession "HTTP/1.1 200 OK"
2026-07-20 12:25:09,482 [INFO] glpi_client: GLPI session successfully initialized.
2026-07-20 12:29:43,257 [INFO] main: Shutting down application...
2026-07-20 12:29:43,257 [INFO] glpi_client: Killing current GLPI API session...
2026-07-20 12:29:43,560 [INFO] httpx: HTTP Request: GET https://suporte.salux.com.br/api.php/v1/killSession "HTTP/1.1 200 OK"
2026-07-20 12:29:44,607 [INFO] main: Initializing database tables...
2026-07-20 12:29:44,614 [INFO] main: No administrator found. Seeding default admin user...
2026-07-20 12:29:44,615 [WARNING] passlib.handlers.bcrypt: (trapped) error reading bcrypt version
Traceback (most recent call last):
  File "C:\Users\cc.gerencia02\Documents\glpi-api\venv\Lib\site-packages\passlib\handlers\bcrypt.py", line 620, in _load_backend_mixin
    version = _bcrypt.__about__.__version__
              ^^^^^^^^^^^^^^^^^
AttributeError: module 'bcrypt' has no attribute '__about__'
2026-07-20 12:29:44,621 [ERROR] main: Error seeding database: password cannot be longer than 72 bytes, truncate manually if necessary (e.g. my_password[:72])
2026-07-20 12:29:44,663 [INFO] glpi_client: Initializing new GLPI API session...
2026-07-20 12:29:45,063 [INFO] httpx: HTTP Request: GET https://suporte.salux.com.br/api.php/v1/initSession "HTTP/1.1 200 OK"
2026-07-20 12:29:45,065 [INFO] glpi_client: GLPI session successfully initialized.
2026-07-20 12:33:57,981 [INFO] main: Shutting down application...
2026-07-20 12:33:57,981 [INFO] glpi_client: Killing current GLPI API session...
2026-07-20 12:33:58,264 [INFO] httpx: HTTP Request: GET https://suporte.salux.com.br/api.php/v1/killSession "HTTP/1.1 200 OK"
2026-07-20 12:33:59,338 [INFO] main: Initializing database tables...
2026-07-20 12:33:59,344 [INFO] main: No administrator found. Seeding default admin user...
2026-07-20 12:33:59,579 [INFO] main: Default administrator seeded: username='admin', password='admin_glpi_api'
2026-07-20 12:33:59,620 [INFO] glpi_client: Initializing new GLPI API session...
2026-07-20 12:34:00,040 [INFO] httpx: HTTP Request: GET https://suporte.salux.com.br/api.php/v1/initSession "HTTP/1.1 200 OK"
2026-07-20 12:34:00,041 [INFO] glpi_client: GLPI session successfully initialized.
2026-07-20 12:34:25,216 [INFO] main: Shutting down application...
2026-07-20 12:34:25,216 [INFO] glpi_client: Killing current GLPI API session...
2026-07-20 12:34:25,495 [INFO] httpx: HTTP Request: GET https://suporte.salux.com.br/api.php/v1/killSession "HTTP/1.1 200 OK"
2026-07-20 12:34:37,334 [INFO] main: Initializing database tables...
2026-07-20 12:34:37,380 [INFO] glpi_client: Initializing new GLPI API session...
2026-07-20 12:34:37,752 [INFO] httpx: HTTP Request: GET https://suporte.salux.com.br/api.php/v1/initSession "HTTP/1.1 200 OK"
2026-07-20 12:34:37,755 [INFO] glpi_client: GLPI session successfully initialized.
2026-07-20 12:36:04,753 [INFO] httpx: HTTP Request: GET https://suporte.salux.com.br/api.php/v1/Ticket/157629?expand_dropdowns=true&get_hateoas=true "HTTP/1.1 200 OK"
2026-07-20 12:36:04,902 [INFO] httpx: HTTP Request: GET https://suporte.salux.com.br/api.php/v1/search/ITILFollowup?criteria%5B0%5D%5Bfield%5D=2&criteria%5B0%5D%5Bsearchtype%5D=equals&criteria%5B0%5D%5Bvalue%5D=157629&criteria%5B1%5D%5Bfield%5D=5&criteria%5B1%5D%5Bsearchtype%5D=equals&criteria%5B1%5D%5Bvalue%5D=Ticket "HTTP/1.1 200 OK"
2026-07-20 12:36:37,088 [INFO] httpx: HTTP Request: GET https://suporte.salux.com.br/api.php/v1/Ticket/161193?expand_dropdowns=true&get_hateoas=true "HTTP/1.1 200 OK"
2026-07-20 12:36:37,288 [INFO] httpx: HTTP Request: GET https://suporte.salux.com.br/api.php/v1/search/ITILFollowup?criteria%5B0%5D%5Bfield%5D=2&criteria%5B0%5D%5Bsearchtype%5D=equals&criteria%5B0%5D%5Bvalue%5D=161193&criteria%5B1%5D%5Bfield%5D=5&criteria%5B1%5D%5Bsearchtype%5D=equals&criteria%5B1%5D%5Bvalue%5D=Ticket "HTTP/1.1 200 OK"
2026-07-20 12:37:31,195 [INFO] main: Shutting down application...
2026-07-20 12:37:31,195 [INFO] glpi_client: Killing current GLPI API session...
2026-07-20 12:37:31,457 [INFO] httpx: HTTP Request: GET https://suporte.salux.com.br/api.php/v1/killSession "HTTP/1.1 200 OK"
2026-07-20 12:37:39,042 [INFO] main: Initializing database tables...
2026-07-20 12:37:39,096 [INFO] glpi_client: Initializing new GLPI API session...
2026-07-20 12:37:39,498 [INFO] httpx: HTTP Request: GET https://suporte.salux.com.br/api.php/v1/initSession "HTTP/1.1 200 OK"
2026-07-20 12:37:39,499 [INFO] glpi_client: GLPI session successfully initialized.
2026-07-20 12:37:44,361 [INFO] main: Shutting down application...
2026-07-20 12:37:44,362 [INFO] glpi_client: Killing current GLPI API session...
2026-07-20 12:37:44,498 [INFO] httpx: HTTP Request: GET https://suporte.salux.com.br/api.php/v1/killSession "HTTP/1.1 200 OK"
2026-07-20 12:37:45,496 [INFO] main: Initializing database tables...
2026-07-20 12:37:45,540 [INFO] glpi_client: Initializing new GLPI API session...
2026-07-20 12:37:45,953 [INFO] httpx: HTTP Request: GET https://suporte.salux.com.br/api.php/v1/initSession "HTTP/1.1 200 OK"
2026-07-20 12:37:45,954 [INFO] glpi_client: GLPI session successfully initialized.
2026-07-20 12:39:01,398 [INFO] httpx: HTTP Request: GET https://suporte.salux.com.br/api.php/v1/Ticket/161193?expand_dropdowns=true&get_hateoas=true "HTTP/1.1 200 OK"
2026-07-20 12:39:01,544 [INFO] httpx: HTTP Request: GET https://suporte.salux.com.br/api.php/v1/search/ITILFollowup?criteria%5B0%5D%5Bfield%5D=2&criteria%5B0%5D%5Bsearchtype%5D=equals&criteria%5B0%5D%5Bvalue%5D=161193&criteria%5B1%5D%5Bfield%5D=5&criteria%5B1%5D%5Bsearchtype%5D=equals&criteria%5B1%5D%5Bvalue%5D=Ticket "HTTP/1.1 200 OK"
2026-07-20 12:55:33,263 [INFO] httpx: HTTP Request: PUT https://suporte.salux.com.br/api.php/v1/Ticket/161246 "HTTP/1.1 200 OK"
2026-07-20 12:55:33,393 [INFO] httpx: HTTP Request: POST https://suporte.salux.com.br/api.php/v1/ITILSolution "HTTP/1.1 400 Bad Request"
2026-07-20 13:04:19,614 [INFO] main: Shutting down application...
2026-07-20 13:04:19,614 [INFO] glpi_client: Killing current GLPI API session...
2026-07-20 13:04:19,917 [INFO] httpx: HTTP Request: GET https://suporte.salux.com.br/api.php/v1/killSession "HTTP/1.1 200 OK"
2026-07-20 13:04:21,155 [INFO] main: Initializing database tables...
2026-07-20 13:04:21,208 [INFO] glpi_client: Initializing new GLPI API session...
2026-07-20 13:04:21,568 [INFO] httpx: HTTP Request: GET https://suporte.salux.com.br/api.php/v1/initSession "HTTP/1.1 200 OK"
2026-07-20 13:04:21,569 [INFO] glpi_client: GLPI session successfully initialized.
2026-07-20 13:04:33,199 [INFO] main: Shutting down application...
2026-07-20 13:04:33,199 [INFO] glpi_client: Killing current GLPI API session...
2026-07-20 13:04:33,626 [INFO] httpx: HTTP Request: GET https://suporte.salux.com.br/api.php/v1/killSession "HTTP/1.1 200 OK"
2026-07-20 13:04:34,706 [INFO] main: Initializing database tables...
2026-07-20 13:04:34,759 [INFO] glpi_client: Initializing new GLPI API session...
2026-07-20 13:04:35,172 [INFO] httpx: HTTP Request: GET https://suporte.salux.com.br/api.php/v1/initSession "HTTP/1.1 200 OK"
2026-07-20 13:04:35,173 [INFO] glpi_client: GLPI session successfully initialized.
2026-07-20 13:04:40,918 [INFO] main: Shutting down application...
2026-07-20 13:04:40,918 [INFO] glpi_client: Killing current GLPI API session...
2026-07-20 13:04:41,232 [INFO] httpx: HTTP Request: GET https://suporte.salux.com.br/api.php/v1/killSession "HTTP/1.1 200 OK"
2026-07-20 13:04:42,354 [INFO] main: Initializing database tables...
2026-07-20 13:04:42,403 [INFO] glpi_client: Initializing new GLPI API session...
2026-07-20 13:04:42,768 [INFO] httpx: HTTP Request: GET https://suporte.salux.com.br/api.php/v1/initSession "HTTP/1.1 200 OK"
2026-07-20 13:04:42,769 [INFO] glpi_client: GLPI session successfully initialized.
2026-07-20 13:04:50,392 [INFO] main: Shutting down application...
2026-07-20 13:04:50,393 [INFO] glpi_client: Killing current GLPI API session...
2026-07-20 13:04:50,657 [INFO] httpx: HTTP Request: GET https://suporte.salux.com.br/api.php/v1/killSession "HTTP/1.1 200 OK"
2026-07-20 13:04:51,826 [INFO] main: Initializing database tables...
2026-07-20 13:04:51,872 [INFO] glpi_client: Initializing new GLPI API session...
2026-07-20 13:04:52,273 [INFO] httpx: HTTP Request: GET https://suporte.salux.com.br/api.php/v1/initSession "HTTP/1.1 200 OK"
2026-07-20 13:04:52,274 [INFO] glpi_client: GLPI session successfully initialized.
2026-07-20 13:07:36,992 [INFO] httpx: HTTP Request: PUT https://suporte.salux.com.br/api.php/v1/Ticket/161246 "HTTP/1.1 200 OK"
2026-07-20 13:07:37,137 [INFO] httpx: HTTP Request: POST https://suporte.salux.com.br/api.php/v1/ITILSolution "HTTP/1.1 400 Bad Request"
2026-07-20 13:11:05,189 [INFO] httpx: HTTP Request: PUT https://suporte.salux.com.br/api.php/v1/Ticket/161246 "HTTP/1.1 200 OK"
2026-07-20 13:11:05,323 [INFO] httpx: HTTP Request: POST https://suporte.salux.com.br/api.php/v1/ITILSolution "HTTP/1.1 400 Bad Request"
2026-07-20 13:12:55,779 [INFO] main: Shutting down application...
2026-07-20 13:12:55,780 [INFO] glpi_client: Killing current GLPI API session...
2026-07-20 13:12:56,043 [INFO] httpx: HTTP Request: GET https://suporte.salux.com.br/api.php/v1/killSession "HTTP/1.1 200 OK"
2026-07-20 13:12:57,108 [INFO] main: Initializing database tables...
2026-07-20 13:12:57,164 [INFO] glpi_client: Initializing new GLPI API session...
2026-07-20 13:12:57,569 [INFO] httpx: HTTP Request: GET https://suporte.salux.com.br/api.php/v1/initSession "HTTP/1.1 200 OK"
2026-07-20 13:12:57,571 [INFO] glpi_client: GLPI session successfully initialized.
2026-07-20 13:13:03,086 [INFO] main: Shutting down application...
2026-07-20 13:13:03,086 [INFO] glpi_client: Killing current GLPI API session...
2026-07-20 13:13:03,344 [INFO] httpx: HTTP Request: GET https://suporte.salux.com.br/api.php/v1/killSession "HTTP/1.1 200 OK"
2026-07-20 13:13:04,495 [INFO] main: Initializing database tables...
2026-07-20 13:13:04,543 [INFO] glpi_client: Initializing new GLPI API session...
2026-07-20 13:13:04,916 [INFO] httpx: HTTP Request: GET https://suporte.salux.com.br/api.php/v1/initSession "HTTP/1.1 200 OK"
2026-07-20 13:13:04,919 [INFO] glpi_client: GLPI session successfully initialized.
2026-07-20 13:13:11,459 [INFO] main: Shutting down application...
2026-07-20 13:13:11,459 [INFO] glpi_client: Killing current GLPI API session...
2026-07-20 13:13:11,736 [INFO] httpx: HTTP Request: GET https://suporte.salux.com.br/api.php/v1/killSession "HTTP/1.1 200 OK"
2026-07-20 13:13:12,893 [INFO] main: Initializing database tables...
2026-07-20 13:13:12,937 [INFO] glpi_client: Initializing new GLPI API session...
2026-07-20 13:13:13,311 [INFO] httpx: HTTP Request: GET https://suporte.salux.com.br/api.php/v1/initSession "HTTP/1.1 200 OK"
2026-07-20 13:13:13,312 [INFO] glpi_client: GLPI session successfully initialized.
2026-07-20 13:13:25,023 [INFO] main: Shutting down application...
2026-07-20 13:13:25,023 [INFO] glpi_client: Killing current GLPI API session...
2026-07-20 13:13:25,297 [INFO] httpx: HTTP Request: GET https://suporte.salux.com.br/api.php/v1/killSession "HTTP/1.1 200 OK"
2026-07-20 13:13:26,388 [INFO] main: Initializing database tables...
2026-07-20 13:13:26,430 [INFO] glpi_client: Initializing new GLPI API session...
2026-07-20 13:13:26,938 [INFO] httpx: HTTP Request: GET https://suporte.salux.com.br/api.php/v1/initSession "HTTP/1.1 200 OK"
2026-07-20 13:13:26,939 [INFO] glpi_client: GLPI session successfully initialized.
2026-07-20 13:14:31,388 [INFO] main: Shutting down application...
2026-07-20 13:14:31,388 [INFO] glpi_client: Killing current GLPI API session...
2026-07-20 13:14:31,672 [INFO] httpx: HTTP Request: GET https://suporte.salux.com.br/api.php/v1/killSession "HTTP/1.1 200 OK"
2026-07-20 13:14:34,721 [INFO] main: Initializing database tables...
2026-07-20 13:14:34,764 [INFO] glpi_client: Initializing new GLPI API session...
2026-07-20 13:14:35,126 [INFO] httpx: HTTP Request: GET https://suporte.salux.com.br/api.php/v1/initSession "HTTP/1.1 200 OK"
2026-07-20 13:14:35,128 [INFO] glpi_client: GLPI session successfully initialized.
2026-07-20 13:15:31,072 [INFO] httpx: HTTP Request: PUT https://suporte.salux.com.br/api.php/v1/ITILSolution/3 "HTTP/1.1 200 OK"
2026-07-20 13:28:23,292 [INFO] main: Shutting down application...
2026-07-20 13:28:23,293 [INFO] glpi_client: Killing current GLPI API session...
2026-07-20 13:28:23,751 [INFO] httpx: HTTP Request: GET https://suporte.salux.com.br/api.php/v1/killSession "HTTP/1.1 200 OK"
2026-07-20 13:28:24,766 [INFO] main: Initializing database tables...
2026-07-20 13:28:24,811 [INFO] glpi_client: Initializing new GLPI API session...
2026-07-20 13:28:25,312 [INFO] httpx: HTTP Request: GET https://suporte.salux.com.br/api.php/v1/initSession "HTTP/1.1 200 OK"
2026-07-20 13:28:25,313 [INFO] glpi_client: GLPI session successfully initialized.
2026-07-20 13:29:27,456 [INFO] httpx: HTTP Request: GET https://suporte.salux.com.br/api.php/v1/Ticket "HTTP/1.1 206 Partial Content"
2026-07-20 13:30:50,658 [INFO] main: Shutting down application...
2026-07-20 13:30:50,659 [INFO] glpi_client: Killing current GLPI API session...
2026-07-20 13:30:50,941 [INFO] httpx: HTTP Request: GET https://suporte.salux.com.br/api.php/v1/killSession "HTTP/1.1 200 OK"
2026-07-20 13:30:59,078 [INFO] main: Initializing database tables...
2026-07-20 13:30:59,115 [INFO] glpi_client: Initializing new GLPI API session...
2026-07-20 13:30:59,529 [INFO] httpx: HTTP Request: GET https://suporte.salux.com.br/api.php/v1/initSession "HTTP/1.1 200 OK"
2026-07-20 13:30:59,530 [INFO] glpi_client: GLPI session successfully initialized.
